{"C:\\Users\\696449\\Desktop\\ReactDemo\\React\\ClaimMangt\\_tests_\\sum.js": {"path":"C:\\Users\\696449\\Desktop\\ReactDemo\\React\\ClaimMangt\\_tests_\\sum.js","statementMap":{"0":{"start":{"line":1,"column":23},"end":{"line":1,"column":61}},"1":{"start":{"line":5,"column":4},"end":{"line":5,"column":15}},"2":{"start":{"line":7,"column":0},"end":{"line":7,"column":19}}},"fnMap":{"0":{"name":"sum","decl":{"start":{"line":3,"column":9},"end":{"line":3,"column":12}},"loc":{"start":{"line":4,"column":0},"end":{"line":6,"column":1}},"line":4}},"branchMap":{},"s":{"0":1,"1":1,"2":1},"f":{"0":1},"b":{},"_coverageSchema":"332fd63041d2c1bcb487cc26dd0d5f7d97098a6c","hash":"50d52c5caa03a45d85be1189c018e33ab0e59340"}
}
